<?xml version="1.0" encoding="UTF-8"?>
<!-- Generated by org.testng.reporters.JUnitXMLReporter -->
<testsuite hostname="DESKTOP-HLCBEGC" ignored="0" name="Test" tests="4" failures="0" timestamp="2020-06-22T17:06:08 IST" time="0.069" errors="0">
  <testcase name="HybrideApp" time="0.016" classname="maven.AppiumTest"/>
  <testcase name="NativeApp" time="0.0" classname="maven.AppiumTest"/>
  <testcase name="BrowserAutomation" time="0.0" classname="maven.SeleniumTest"/>
  <testcase name="HomePageUI" time="0.0" classname="maven.SeleniumTest"/>
</testsuite> <!-- Test -->
